mode: count
customer-account/dao/customer.account.dao.go:30.28,34.2 1 0
customer-account/dao/customer.account.dao.go:36.35,38.2 1 0
customer-account/dao/customer.account.dao.go:40.79,41.26 1 1
customer-account/dao/customer.account.dao.go:45.2,47.16 2 1
customer-account/dao/customer.account.dao.go:50.2,50.23 1 1
customer-account/dao/customer.account.dao.go:59.2,59.33 1 1
customer-account/dao/customer.account.dao.go:62.2,63.16 2 1
customer-account/dao/customer.account.dao.go:68.2,75.16 3 1
customer-account/dao/customer.account.dao.go:79.2,79.21 1 1
customer-account/dao/customer.account.dao.go:41.26,43.3 1 0
customer-account/dao/customer.account.dao.go:47.16,49.3 1 0
customer-account/dao/customer.account.dao.go:50.23,58.3 6 0
customer-account/dao/customer.account.dao.go:59.33,61.3 1 0
customer-account/dao/customer.account.dao.go:63.16,64.61 1 0
customer-account/dao/customer.account.dao.go:65.3,65.31 1 0
customer-account/dao/customer.account.dao.go:75.16,77.3 1 0
customer-account/dao/customer.account.dao.go:83.98,86.18 2 0
customer-account/dao/customer.account.dao.go:89.2,89.73 1 0
customer-account/dao/customer.account.dao.go:112.2,112.33 1 0
customer-account/dao/customer.account.dao.go:115.2,115.32 1 0
customer-account/dao/customer.account.dao.go:118.2,118.33 1 0
customer-account/dao/customer.account.dao.go:121.2,121.53 1 0
customer-account/dao/customer.account.dao.go:124.2,124.45 1 0
customer-account/dao/customer.account.dao.go:127.2,127.29 1 0
customer-account/dao/customer.account.dao.go:134.2,158.16 3 0
customer-account/dao/customer.account.dao.go:164.2,171.17 4 0
customer-account/dao/customer.account.dao.go:86.18,88.3 1 0
customer-account/dao/customer.account.dao.go:89.73,91.3 1 0
customer-account/dao/customer.account.dao.go:91.8,91.40 1 0
customer-account/dao/customer.account.dao.go:91.40,93.44 1 0
customer-account/dao/customer.account.dao.go:96.3,96.23 1 0
customer-account/dao/customer.account.dao.go:93.44,95.4 1 0
customer-account/dao/customer.account.dao.go:96.23,105.4 8 0
customer-account/dao/customer.account.dao.go:107.8,110.3 2 0
customer-account/dao/customer.account.dao.go:112.33,114.3 1 0
customer-account/dao/customer.account.dao.go:115.32,117.3 1 0
customer-account/dao/customer.account.dao.go:118.33,120.3 1 0
customer-account/dao/customer.account.dao.go:121.53,123.3 1 0
customer-account/dao/customer.account.dao.go:124.45,126.3 1 0
customer-account/dao/customer.account.dao.go:127.29,131.3 1 0
customer-account/dao/customer.account.dao.go:158.16,161.3 2 0
customer-account/dao/customer.account.dao.go:174.71,186.16 4 1
customer-account/dao/customer.account.dao.go:192.2,194.16 3 1
customer-account/dao/customer.account.dao.go:198.2,198.25 1 1
customer-account/dao/customer.account.dao.go:202.2,202.22 1 0
customer-account/dao/customer.account.dao.go:208.2,210.21 3 0
customer-account/dao/customer.account.dao.go:186.16,189.3 1 0
customer-account/dao/customer.account.dao.go:194.16,197.3 2 0
customer-account/dao/customer.account.dao.go:198.25,200.3 1 1
customer-account/dao/customer.account.dao.go:202.22,204.3 1 0
customer-account/util/generateId.go:12.24,16.31 4 1
customer-account/util/generateId.go:19.5,19.42 1 1
customer-account/util/generateId.go:16.31,18.6 1 20
customer-account/util/getItems.go:16.77,35.36 3 5
customer-account/util/getItems.go:38.2,38.16 1 5
customer-account/util/getItems.go:44.2,46.16 3 5
customer-account/util/getItems.go:35.36,37.3 1 0
customer-account/util/getItems.go:38.16,41.3 2 0
customer-account/util/validateAccount.go:8.81,11.30 1 5
customer-account/util/validateAccount.go:14.2,14.29 1 4
customer-account/util/validateAccount.go:17.2,17.43 1 3
customer-account/util/validateAccount.go:22.2,22.38 1 3
customer-account/util/validateAccount.go:27.2,27.30 1 1
customer-account/util/validateAccount.go:31.2,31.12 1 0
customer-account/util/validateAccount.go:11.30,13.3 1 1
customer-account/util/validateAccount.go:14.29,16.3 1 1
customer-account/util/validateAccount.go:17.43,19.3 1 0
customer-account/util/validateAccount.go:19.8,19.32 1 3
customer-account/util/validateAccount.go:19.32,21.3 1 0
customer-account/util/validateAccount.go:22.38,24.3 1 1
customer-account/util/validateAccount.go:24.8,24.35 1 2
customer-account/util/validateAccount.go:24.35,26.3 1 1
customer-account/util/validateAccount.go:27.30,29.3 1 1
customer-account/util/validateEmail.go:14.68,34.37 3 13
customer-account/util/validateEmail.go:38.2,38.16 1 13
customer-account/util/validateEmail.go:46.2,48.19 3 13
customer-account/util/validateEmail.go:51.3,51.14 1 13
customer-account/util/validateEmail.go:34.37,36.3 1 0
customer-account/util/validateEmail.go:38.16,41.3 2 0
customer-account/util/validateEmail.go:48.19,50.3 1 0
